Aug 04 2025 13:39:00
{"type":8192,"message":"Return type of Ai1wm_Recursive_Newline_Filter::accept() should either be compatible with FilterIterator::accept(): bool, or the #[\\ReturnTypeWillChange] attribute should be used to temporarily suppress the notice","file":"D:\\xampp\\htdocs\\Zubair-Cloth-House\\wp-content\\plugins\\all-in-one-wp-migration\\lib\\vendor\\servmask\\filter\\class-ai1wm-recursive-newline-filter.php","line":28}

Aug 04 2025 13:39:00
{"type":8192,"message":"Return type of Ai1wm_Recursive_Newline_Filter::accept() should either be compatible with FilterIterator::accept(): bool, or the #[\\ReturnTypeWillChange] attribute should be used to temporarily suppress the notice","file":"D:\\xampp\\htdocs\\Zubair-Cloth-House\\wp-content\\plugins\\all-in-one-wp-migration\\lib\\vendor\\servmask\\filter\\class-ai1wm-recursive-newline-filter.php","line":28}

Aug 04 2025 13:39:01
{"type":8192,"message":"Return type of Ai1wm_Recursive_Newline_Filter::accept() should either be compatible with FilterIterator::accept(): bool, or the #[\\ReturnTypeWillChange] attribute should be used to temporarily suppress the notice","file":"D:\\xampp\\htdocs\\Zubair-Cloth-House\\wp-content\\plugins\\all-in-one-wp-migration\\lib\\vendor\\servmask\\filter\\class-ai1wm-recursive-newline-filter.php","line":28}

Aug 04 2025 13:39:01
{"type":8192,"message":"Return type of Ai1wm_Recursive_Newline_Filter::accept() should either be compatible with FilterIterator::accept(): bool, or the #[\\ReturnTypeWillChange] attribute should be used to temporarily suppress the notice","file":"D:\\xampp\\htdocs\\Zubair-Cloth-House\\wp-content\\plugins\\all-in-one-wp-migration\\lib\\vendor\\servmask\\filter\\class-ai1wm-recursive-newline-filter.php","line":28}

Aug 04 2025 13:39:02
{"type":8192,"message":"Return type of Ai1wm_Recursive_Newline_Filter::accept() should either be compatible with FilterIterator::accept(): bool, or the #[\\ReturnTypeWillChange] attribute should be used to temporarily suppress the notice","file":"D:\\xampp\\htdocs\\Zubair-Cloth-House\\wp-content\\plugins\\all-in-one-wp-migration\\lib\\vendor\\servmask\\filter\\class-ai1wm-recursive-newline-filter.php","line":28}

Aug 04 2025 13:39:02
{"type":8192,"message":"Return type of Ai1wm_Recursive_Newline_Filter::accept() should either be compatible with FilterIterator::accept(): bool, or the #[\\ReturnTypeWillChange] attribute should be used to temporarily suppress the notice","file":"D:\\xampp\\htdocs\\Zubair-Cloth-House\\wp-content\\plugins\\all-in-one-wp-migration\\lib\\vendor\\servmask\\filter\\class-ai1wm-recursive-newline-filter.php","line":28}

Aug 04 2025 13:39:03
{"type":8192,"message":"Return type of Ai1wm_Recursive_Newline_Filter::accept() should either be compatible with FilterIterator::accept(): bool, or the #[\\ReturnTypeWillChange] attribute should be used to temporarily suppress the notice","file":"D:\\xampp\\htdocs\\Zubair-Cloth-House\\wp-content\\plugins\\all-in-one-wp-migration\\lib\\vendor\\servmask\\filter\\class-ai1wm-recursive-newline-filter.php","line":28}

Aug 04 2025 13:39:03
{"type":8192,"message":"Return type of Ai1wm_Recursive_Newline_Filter::accept() should either be compatible with FilterIterator::accept(): bool, or the #[\\ReturnTypeWillChange] attribute should be used to temporarily suppress the notice","file":"D:\\xampp\\htdocs\\Zubair-Cloth-House\\wp-content\\plugins\\all-in-one-wp-migration\\lib\\vendor\\servmask\\filter\\class-ai1wm-recursive-newline-filter.php","line":28}

Aug 04 2025 13:39:04
{"type":8192,"message":"Return type of Ai1wm_Recursive_Newline_Filter::accept() should either be compatible with FilterIterator::accept(): bool, or the #[\\ReturnTypeWillChange] attribute should be used to temporarily suppress the notice","file":"D:\\xampp\\htdocs\\Zubair-Cloth-House\\wp-content\\plugins\\all-in-one-wp-migration\\lib\\vendor\\servmask\\filter\\class-ai1wm-recursive-newline-filter.php","line":28}

Aug 04 2025 13:39:04
{"type":8192,"message":"Return type of Ai1wm_Recursive_Newline_Filter::accept() should either be compatible with FilterIterator::accept(): bool, or the #[\\ReturnTypeWillChange] attribute should be used to temporarily suppress the notice","file":"D:\\xampp\\htdocs\\Zubair-Cloth-House\\wp-content\\plugins\\all-in-one-wp-migration\\lib\\vendor\\servmask\\filter\\class-ai1wm-recursive-newline-filter.php","line":28}

Aug 04 2025 13:39:05
{"type":8192,"message":"Return type of Ai1wm_Recursive_Newline_Filter::accept() should either be compatible with FilterIterator::accept(): bool, or the #[\\ReturnTypeWillChange] attribute should be used to temporarily suppress the notice","file":"D:\\xampp\\htdocs\\Zubair-Cloth-House\\wp-content\\plugins\\all-in-one-wp-migration\\lib\\vendor\\servmask\\filter\\class-ai1wm-recursive-newline-filter.php","line":28}

Aug 04 2025 13:39:06
{"type":8192,"message":"Return type of Ai1wm_Recursive_Newline_Filter::accept() should either be compatible with FilterIterator::accept(): bool, or the #[\\ReturnTypeWillChange] attribute should be used to temporarily suppress the notice","file":"D:\\xampp\\htdocs\\Zubair-Cloth-House\\wp-content\\plugins\\all-in-one-wp-migration\\lib\\vendor\\servmask\\filter\\class-ai1wm-recursive-newline-filter.php","line":28}

Aug 04 2025 13:39:06
{"type":8192,"message":"Return type of Ai1wm_Recursive_Newline_Filter::accept() should either be compatible with FilterIterator::accept(): bool, or the #[\\ReturnTypeWillChange] attribute should be used to temporarily suppress the notice","file":"D:\\xampp\\htdocs\\Zubair-Cloth-House\\wp-content\\plugins\\all-in-one-wp-migration\\lib\\vendor\\servmask\\filter\\class-ai1wm-recursive-newline-filter.php","line":28}

Aug 04 2025 13:39:07
{"type":8192,"message":"Return type of Ai1wm_Recursive_Newline_Filter::accept() should either be compatible with FilterIterator::accept(): bool, or the #[\\ReturnTypeWillChange] attribute should be used to temporarily suppress the notice","file":"D:\\xampp\\htdocs\\Zubair-Cloth-House\\wp-content\\plugins\\all-in-one-wp-migration\\lib\\vendor\\servmask\\filter\\class-ai1wm-recursive-newline-filter.php","line":28}

Aug 04 2025 13:39:07
{"type":8192,"message":"Return type of Ai1wm_Recursive_Newline_Filter::accept() should either be compatible with FilterIterator::accept(): bool, or the #[\\ReturnTypeWillChange] attribute should be used to temporarily suppress the notice","file":"D:\\xampp\\htdocs\\Zubair-Cloth-House\\wp-content\\plugins\\all-in-one-wp-migration\\lib\\vendor\\servmask\\filter\\class-ai1wm-recursive-newline-filter.php","line":28}

Aug 04 2025 13:39:08
{"type":8192,"message":"Return type of Ai1wm_Recursive_Newline_Filter::accept() should either be compatible with FilterIterator::accept(): bool, or the #[\\ReturnTypeWillChange] attribute should be used to temporarily suppress the notice","file":"D:\\xampp\\htdocs\\Zubair-Cloth-House\\wp-content\\plugins\\all-in-one-wp-migration\\lib\\vendor\\servmask\\filter\\class-ai1wm-recursive-newline-filter.php","line":28}

Aug 04 2025 13:39:08
{"type":8192,"message":"Return type of Ai1wm_Recursive_Newline_Filter::accept() should either be compatible with FilterIterator::accept(): bool, or the #[\\ReturnTypeWillChange] attribute should be used to temporarily suppress the notice","file":"D:\\xampp\\htdocs\\Zubair-Cloth-House\\wp-content\\plugins\\all-in-one-wp-migration\\lib\\vendor\\servmask\\filter\\class-ai1wm-recursive-newline-filter.php","line":28}

Aug 04 2025 13:39:09
{"type":8192,"message":"Return type of Ai1wm_Recursive_Newline_Filter::accept() should either be compatible with FilterIterator::accept(): bool, or the #[\\ReturnTypeWillChange] attribute should be used to temporarily suppress the notice","file":"D:\\xampp\\htdocs\\Zubair-Cloth-House\\wp-content\\plugins\\all-in-one-wp-migration\\lib\\vendor\\servmask\\filter\\class-ai1wm-recursive-newline-filter.php","line":28}

Aug 04 2025 13:39:09
{"type":8192,"message":"Return type of Ai1wm_Recursive_Newline_Filter::accept() should either be compatible with FilterIterator::accept(): bool, or the #[\\ReturnTypeWillChange] attribute should be used to temporarily suppress the notice","file":"D:\\xampp\\htdocs\\Zubair-Cloth-House\\wp-content\\plugins\\all-in-one-wp-migration\\lib\\vendor\\servmask\\filter\\class-ai1wm-recursive-newline-filter.php","line":28}

Aug 04 2025 13:39:10
{"type":8192,"message":"Return type of Ai1wm_Recursive_Newline_Filter::accept() should either be compatible with FilterIterator::accept(): bool, or the #[\\ReturnTypeWillChange] attribute should be used to temporarily suppress the notice","file":"D:\\xampp\\htdocs\\Zubair-Cloth-House\\wp-content\\plugins\\all-in-one-wp-migration\\lib\\vendor\\servmask\\filter\\class-ai1wm-recursive-newline-filter.php","line":28}

Aug 04 2025 13:39:10
{"type":8192,"message":"Return type of Ai1wm_Recursive_Newline_Filter::accept() should either be compatible with FilterIterator::accept(): bool, or the #[\\ReturnTypeWillChange] attribute should be used to temporarily suppress the notice","file":"D:\\xampp\\htdocs\\Zubair-Cloth-House\\wp-content\\plugins\\all-in-one-wp-migration\\lib\\vendor\\servmask\\filter\\class-ai1wm-recursive-newline-filter.php","line":28}

Aug 04 2025 13:39:11
{"type":8192,"message":"Return type of Ai1wm_Recursive_Newline_Filter::accept() should either be compatible with FilterIterator::accept(): bool, or the #[\\ReturnTypeWillChange] attribute should be used to temporarily suppress the notice","file":"D:\\xampp\\htdocs\\Zubair-Cloth-House\\wp-content\\plugins\\all-in-one-wp-migration\\lib\\vendor\\servmask\\filter\\class-ai1wm-recursive-newline-filter.php","line":28}

Aug 04 2025 13:39:11
{"type":8192,"message":"Return type of Ai1wm_Recursive_Newline_Filter::accept() should either be compatible with FilterIterator::accept(): bool, or the #[\\ReturnTypeWillChange] attribute should be used to temporarily suppress the notice","file":"D:\\xampp\\htdocs\\Zubair-Cloth-House\\wp-content\\plugins\\all-in-one-wp-migration\\lib\\vendor\\servmask\\filter\\class-ai1wm-recursive-newline-filter.php","line":28}

Aug 04 2025 13:39:12
{"type":8192,"message":"Return type of Ai1wm_Recursive_Newline_Filter::accept() should either be compatible with FilterIterator::accept(): bool, or the #[\\ReturnTypeWillChange] attribute should be used to temporarily suppress the notice","file":"D:\\xampp\\htdocs\\Zubair-Cloth-House\\wp-content\\plugins\\all-in-one-wp-migration\\lib\\vendor\\servmask\\filter\\class-ai1wm-recursive-newline-filter.php","line":28}

Aug 04 2025 13:39:14
{"type":8192,"message":"Return type of Ai1wm_Recursive_Newline_Filter::accept() should either be compatible with FilterIterator::accept(): bool, or the #[\\ReturnTypeWillChange] attribute should be used to temporarily suppress the notice","file":"D:\\xampp\\htdocs\\Zubair-Cloth-House\\wp-content\\plugins\\all-in-one-wp-migration\\lib\\vendor\\servmask\\filter\\class-ai1wm-recursive-newline-filter.php","line":28}

Aug 04 2025 13:39:14
{"type":8192,"message":"Return type of Ai1wm_Recursive_Newline_Filter::accept() should either be compatible with FilterIterator::accept(): bool, or the #[\\ReturnTypeWillChange] attribute should be used to temporarily suppress the notice","file":"D:\\xampp\\htdocs\\Zubair-Cloth-House\\wp-content\\plugins\\all-in-one-wp-migration\\lib\\vendor\\servmask\\filter\\class-ai1wm-recursive-newline-filter.php","line":28}

Aug 04 2025 13:39:15
{"type":8192,"message":"Return type of Ai1wm_Recursive_Newline_Filter::accept() should either be compatible with FilterIterator::accept(): bool, or the #[\\ReturnTypeWillChange] attribute should be used to temporarily suppress the notice","file":"D:\\xampp\\htdocs\\Zubair-Cloth-House\\wp-content\\plugins\\all-in-one-wp-migration\\lib\\vendor\\servmask\\filter\\class-ai1wm-recursive-newline-filter.php","line":28}

Aug 04 2025 13:39:15
{"type":8192,"message":"Return type of Ai1wm_Recursive_Newline_Filter::accept() should either be compatible with FilterIterator::accept(): bool, or the #[\\ReturnTypeWillChange] attribute should be used to temporarily suppress the notice","file":"D:\\xampp\\htdocs\\Zubair-Cloth-House\\wp-content\\plugins\\all-in-one-wp-migration\\lib\\vendor\\servmask\\filter\\class-ai1wm-recursive-newline-filter.php","line":28}

Aug 04 2025 13:39:16
{"type":8192,"message":"Return type of Ai1wm_Recursive_Newline_Filter::accept() should either be compatible with FilterIterator::accept(): bool, or the #[\\ReturnTypeWillChange] attribute should be used to temporarily suppress the notice","file":"D:\\xampp\\htdocs\\Zubair-Cloth-House\\wp-content\\plugins\\all-in-one-wp-migration\\lib\\vendor\\servmask\\filter\\class-ai1wm-recursive-newline-filter.php","line":28}

Aug 04 2025 13:39:16
{"type":8192,"message":"Return type of Ai1wm_Recursive_Newline_Filter::accept() should either be compatible with FilterIterator::accept(): bool, or the #[\\ReturnTypeWillChange] attribute should be used to temporarily suppress the notice","file":"D:\\xampp\\htdocs\\Zubair-Cloth-House\\wp-content\\plugins\\all-in-one-wp-migration\\lib\\vendor\\servmask\\filter\\class-ai1wm-recursive-newline-filter.php","line":28}

Aug 04 2025 13:39:17
{"type":8192,"message":"Return type of Ai1wm_Recursive_Newline_Filter::accept() should either be compatible with FilterIterator::accept(): bool, or the #[\\ReturnTypeWillChange] attribute should be used to temporarily suppress the notice","file":"D:\\xampp\\htdocs\\Zubair-Cloth-House\\wp-content\\plugins\\all-in-one-wp-migration\\lib\\vendor\\servmask\\filter\\class-ai1wm-recursive-newline-filter.php","line":28}

Aug 04 2025 13:39:17
{"type":8192,"message":"Return type of Ai1wm_Recursive_Newline_Filter::accept() should either be compatible with FilterIterator::accept(): bool, or the #[\\ReturnTypeWillChange] attribute should be used to temporarily suppress the notice","file":"D:\\xampp\\htdocs\\Zubair-Cloth-House\\wp-content\\plugins\\all-in-one-wp-migration\\lib\\vendor\\servmask\\filter\\class-ai1wm-recursive-newline-filter.php","line":28}

Aug 04 2025 13:39:18
{"type":8192,"message":"Return type of Ai1wm_Recursive_Newline_Filter::accept() should either be compatible with FilterIterator::accept(): bool, or the #[\\ReturnTypeWillChange] attribute should be used to temporarily suppress the notice","file":"D:\\xampp\\htdocs\\Zubair-Cloth-House\\wp-content\\plugins\\all-in-one-wp-migration\\lib\\vendor\\servmask\\filter\\class-ai1wm-recursive-newline-filter.php","line":28}

Aug 04 2025 13:39:18
{"type":8192,"message":"Return type of Ai1wm_Recursive_Newline_Filter::accept() should either be compatible with FilterIterator::accept(): bool, or the #[\\ReturnTypeWillChange] attribute should be used to temporarily suppress the notice","file":"D:\\xampp\\htdocs\\Zubair-Cloth-House\\wp-content\\plugins\\all-in-one-wp-migration\\lib\\vendor\\servmask\\filter\\class-ai1wm-recursive-newline-filter.php","line":28}

Aug 04 2025 13:39:19
{"type":8192,"message":"Return type of Ai1wm_Recursive_Newline_Filter::accept() should either be compatible with FilterIterator::accept(): bool, or the #[\\ReturnTypeWillChange] attribute should be used to temporarily suppress the notice","file":"D:\\xampp\\htdocs\\Zubair-Cloth-House\\wp-content\\plugins\\all-in-one-wp-migration\\lib\\vendor\\servmask\\filter\\class-ai1wm-recursive-newline-filter.php","line":28}

Aug 04 2025 13:39:19
{"type":8192,"message":"Return type of Ai1wm_Recursive_Newline_Filter::accept() should either be compatible with FilterIterator::accept(): bool, or the #[\\ReturnTypeWillChange] attribute should be used to temporarily suppress the notice","file":"D:\\xampp\\htdocs\\Zubair-Cloth-House\\wp-content\\plugins\\all-in-one-wp-migration\\lib\\vendor\\servmask\\filter\\class-ai1wm-recursive-newline-filter.php","line":28}

Aug 04 2025 13:39:20
{"type":8192,"message":"Return type of Ai1wm_Recursive_Newline_Filter::accept() should either be compatible with FilterIterator::accept(): bool, or the #[\\ReturnTypeWillChange] attribute should be used to temporarily suppress the notice","file":"D:\\xampp\\htdocs\\Zubair-Cloth-House\\wp-content\\plugins\\all-in-one-wp-migration\\lib\\vendor\\servmask\\filter\\class-ai1wm-recursive-newline-filter.php","line":28}

Aug 04 2025 13:39:24
{"type":8192,"message":"Return type of Ai1wm_Recursive_Newline_Filter::accept() should either be compatible with FilterIterator::accept(): bool, or the #[\\ReturnTypeWillChange] attribute should be used to temporarily suppress the notice","file":"D:\\xampp\\htdocs\\Zubair-Cloth-House\\wp-content\\plugins\\all-in-one-wp-migration\\lib\\vendor\\servmask\\filter\\class-ai1wm-recursive-newline-filter.php","line":28}

Aug 04 2025 13:39:25
{"type":8192,"message":"Return type of Ai1wm_Recursive_Newline_Filter::accept() should either be compatible with FilterIterator::accept(): bool, or the #[\\ReturnTypeWillChange] attribute should be used to temporarily suppress the notice","file":"D:\\xampp\\htdocs\\Zubair-Cloth-House\\wp-content\\plugins\\all-in-one-wp-migration\\lib\\vendor\\servmask\\filter\\class-ai1wm-recursive-newline-filter.php","line":28}

Aug 04 2025 13:39:26
{"type":8192,"message":"Return type of Ai1wm_Recursive_Newline_Filter::accept() should either be compatible with FilterIterator::accept(): bool, or the #[\\ReturnTypeWillChange] attribute should be used to temporarily suppress the notice","file":"D:\\xampp\\htdocs\\Zubair-Cloth-House\\wp-content\\plugins\\all-in-one-wp-migration\\lib\\vendor\\servmask\\filter\\class-ai1wm-recursive-newline-filter.php","line":28}

Aug 04 2025 13:39:26
{"type":8192,"message":"Return type of Ai1wm_Recursive_Newline_Filter::accept() should either be compatible with FilterIterator::accept(): bool, or the #[\\ReturnTypeWillChange] attribute should be used to temporarily suppress the notice","file":"D:\\xampp\\htdocs\\Zubair-Cloth-House\\wp-content\\plugins\\all-in-one-wp-migration\\lib\\vendor\\servmask\\filter\\class-ai1wm-recursive-newline-filter.php","line":28}

Aug 04 2025 13:39:27
{"type":8192,"message":"Return type of Ai1wm_Recursive_Newline_Filter::accept() should either be compatible with FilterIterator::accept(): bool, or the #[\\ReturnTypeWillChange] attribute should be used to temporarily suppress the notice","file":"D:\\xampp\\htdocs\\Zubair-Cloth-House\\wp-content\\plugins\\all-in-one-wp-migration\\lib\\vendor\\servmask\\filter\\class-ai1wm-recursive-newline-filter.php","line":28}

Aug 04 2025 13:39:27
{"type":8192,"message":"Return type of Ai1wm_Recursive_Newline_Filter::accept() should either be compatible with FilterIterator::accept(): bool, or the #[\\ReturnTypeWillChange] attribute should be used to temporarily suppress the notice","file":"D:\\xampp\\htdocs\\Zubair-Cloth-House\\wp-content\\plugins\\all-in-one-wp-migration\\lib\\vendor\\servmask\\filter\\class-ai1wm-recursive-newline-filter.php","line":28}

Aug 04 2025 13:39:28
{"type":8192,"message":"Return type of Ai1wm_Recursive_Newline_Filter::accept() should either be compatible with FilterIterator::accept(): bool, or the #[\\ReturnTypeWillChange] attribute should be used to temporarily suppress the notice","file":"D:\\xampp\\htdocs\\Zubair-Cloth-House\\wp-content\\plugins\\all-in-one-wp-migration\\lib\\vendor\\servmask\\filter\\class-ai1wm-recursive-newline-filter.php","line":28}

Aug 04 2025 13:39:29
{"type":8192,"message":"Return type of Ai1wm_Recursive_Newline_Filter::accept() should either be compatible with FilterIterator::accept(): bool, or the #[\\ReturnTypeWillChange] attribute should be used to temporarily suppress the notice","file":"D:\\xampp\\htdocs\\Zubair-Cloth-House\\wp-content\\plugins\\all-in-one-wp-migration\\lib\\vendor\\servmask\\filter\\class-ai1wm-recursive-newline-filter.php","line":28}

Aug 04 2025 13:39:30
{"type":8192,"message":"Return type of Ai1wm_Recursive_Newline_Filter::accept() should either be compatible with FilterIterator::accept(): bool, or the #[\\ReturnTypeWillChange] attribute should be used to temporarily suppress the notice","file":"D:\\xampp\\htdocs\\Zubair-Cloth-House\\wp-content\\plugins\\all-in-one-wp-migration\\lib\\vendor\\servmask\\filter\\class-ai1wm-recursive-newline-filter.php","line":28}

Aug 04 2025 13:39:30
{"type":8192,"message":"Return type of Ai1wm_Recursive_Newline_Filter::accept() should either be compatible with FilterIterator::accept(): bool, or the #[\\ReturnTypeWillChange] attribute should be used to temporarily suppress the notice","file":"D:\\xampp\\htdocs\\Zubair-Cloth-House\\wp-content\\plugins\\all-in-one-wp-migration\\lib\\vendor\\servmask\\filter\\class-ai1wm-recursive-newline-filter.php","line":28}

Aug 04 2025 13:39:31
{"type":8192,"message":"Return type of Ai1wm_Recursive_Newline_Filter::accept() should either be compatible with FilterIterator::accept(): bool, or the #[\\ReturnTypeWillChange] attribute should be used to temporarily suppress the notice","file":"D:\\xampp\\htdocs\\Zubair-Cloth-House\\wp-content\\plugins\\all-in-one-wp-migration\\lib\\vendor\\servmask\\filter\\class-ai1wm-recursive-newline-filter.php","line":28}

Aug 04 2025 13:39:31
{"type":8192,"message":"Return type of Ai1wm_Recursive_Newline_Filter::accept() should either be compatible with FilterIterator::accept(): bool, or the #[\\ReturnTypeWillChange] attribute should be used to temporarily suppress the notice","file":"D:\\xampp\\htdocs\\Zubair-Cloth-House\\wp-content\\plugins\\all-in-one-wp-migration\\lib\\vendor\\servmask\\filter\\class-ai1wm-recursive-newline-filter.php","line":28}

Aug 04 2025 13:39:31
{"type":8192,"message":"Return type of Ai1wm_Recursive_Newline_Filter::accept() should either be compatible with FilterIterator::accept(): bool, or the #[\\ReturnTypeWillChange] attribute should be used to temporarily suppress the notice","file":"D:\\xampp\\htdocs\\Zubair-Cloth-House\\wp-content\\plugins\\all-in-one-wp-migration\\lib\\vendor\\servmask\\filter\\class-ai1wm-recursive-newline-filter.php","line":28}

Aug 04 2025 13:39:32
{"type":8192,"message":"Return type of Ai1wm_Recursive_Newline_Filter::accept() should either be compatible with FilterIterator::accept(): bool, or the #[\\ReturnTypeWillChange] attribute should be used to temporarily suppress the notice","file":"D:\\xampp\\htdocs\\Zubair-Cloth-House\\wp-content\\plugins\\all-in-one-wp-migration\\lib\\vendor\\servmask\\filter\\class-ai1wm-recursive-newline-filter.php","line":28}

Aug 04 2025 13:39:33
{"type":8192,"message":"Return type of Ai1wm_Recursive_Newline_Filter::accept() should either be compatible with FilterIterator::accept(): bool, or the #[\\ReturnTypeWillChange] attribute should be used to temporarily suppress the notice","file":"D:\\xampp\\htdocs\\Zubair-Cloth-House\\wp-content\\plugins\\all-in-one-wp-migration\\lib\\vendor\\servmask\\filter\\class-ai1wm-recursive-newline-filter.php","line":28}

Aug 04 2025 13:39:33
{"type":8192,"message":"Return type of Ai1wm_Recursive_Newline_Filter::accept() should either be compatible with FilterIterator::accept(): bool, or the #[\\ReturnTypeWillChange] attribute should be used to temporarily suppress the notice","file":"D:\\xampp\\htdocs\\Zubair-Cloth-House\\wp-content\\plugins\\all-in-one-wp-migration\\lib\\vendor\\servmask\\filter\\class-ai1wm-recursive-newline-filter.php","line":28}

Aug 04 2025 13:39:39
{"type":8192,"message":"Return type of Ai1wm_Recursive_Newline_Filter::accept() should either be compatible with FilterIterator::accept(): bool, or the #[\\ReturnTypeWillChange] attribute should be used to temporarily suppress the notice","file":"D:\\xampp\\htdocs\\Zubair-Cloth-House\\wp-content\\plugins\\all-in-one-wp-migration\\lib\\vendor\\servmask\\filter\\class-ai1wm-recursive-newline-filter.php","line":28}

Aug 04 2025 13:39:40
{"type":8192,"message":"Return type of Ai1wm_Recursive_Newline_Filter::accept() should either be compatible with FilterIterator::accept(): bool, or the #[\\ReturnTypeWillChange] attribute should be used to temporarily suppress the notice","file":"D:\\xampp\\htdocs\\Zubair-Cloth-House\\wp-content\\plugins\\all-in-one-wp-migration\\lib\\vendor\\servmask\\filter\\class-ai1wm-recursive-newline-filter.php","line":28}

Aug 04 2025 13:39:50
{"type":8192,"message":"Return type of Ai1wm_Recursive_Newline_Filter::accept() should either be compatible with FilterIterator::accept(): bool, or the #[\\ReturnTypeWillChange] attribute should be used to temporarily suppress the notice","file":"D:\\xampp\\htdocs\\Zubair-Cloth-House\\wp-content\\plugins\\all-in-one-wp-migration\\lib\\vendor\\servmask\\filter\\class-ai1wm-recursive-newline-filter.php","line":28}

Aug 04 2025 13:40:02
{"type":8192,"message":"Return type of Ai1wm_Recursive_Newline_Filter::accept() should either be compatible with FilterIterator::accept(): bool, or the #[\\ReturnTypeWillChange] attribute should be used to temporarily suppress the notice","file":"D:\\xampp\\htdocs\\Zubair-Cloth-House\\wp-content\\plugins\\all-in-one-wp-migration\\lib\\vendor\\servmask\\filter\\class-ai1wm-recursive-newline-filter.php","line":28}

Aug 04 2025 13:40:14
{"type":8192,"message":"Return type of Ai1wm_Recursive_Newline_Filter::accept() should either be compatible with FilterIterator::accept(): bool, or the #[\\ReturnTypeWillChange] attribute should be used to temporarily suppress the notice","file":"D:\\xampp\\htdocs\\Zubair-Cloth-House\\wp-content\\plugins\\all-in-one-wp-migration\\lib\\vendor\\servmask\\filter\\class-ai1wm-recursive-newline-filter.php","line":28}

Aug 04 2025 13:40:24
{"type":8192,"message":"Return type of Ai1wm_Recursive_Newline_Filter::accept() should either be compatible with FilterIterator::accept(): bool, or the #[\\ReturnTypeWillChange] attribute should be used to temporarily suppress the notice","file":"D:\\xampp\\htdocs\\Zubair-Cloth-House\\wp-content\\plugins\\all-in-one-wp-migration\\lib\\vendor\\servmask\\filter\\class-ai1wm-recursive-newline-filter.php","line":28}

Aug 04 2025 13:40:36
{"type":8192,"message":"Return type of Ai1wm_Recursive_Newline_Filter::accept() should either be compatible with FilterIterator::accept(): bool, or the #[\\ReturnTypeWillChange] attribute should be used to temporarily suppress the notice","file":"D:\\xampp\\htdocs\\Zubair-Cloth-House\\wp-content\\plugins\\all-in-one-wp-migration\\lib\\vendor\\servmask\\filter\\class-ai1wm-recursive-newline-filter.php","line":28}

Aug 04 2025 13:40:47
{"type":8192,"message":"Return type of Ai1wm_Recursive_Newline_Filter::accept() should either be compatible with FilterIterator::accept(): bool, or the #[\\ReturnTypeWillChange] attribute should be used to temporarily suppress the notice","file":"D:\\xampp\\htdocs\\Zubair-Cloth-House\\wp-content\\plugins\\all-in-one-wp-migration\\lib\\vendor\\servmask\\filter\\class-ai1wm-recursive-newline-filter.php","line":28}

Aug 04 2025 13:41:00
{"type":8192,"message":"Return type of Ai1wm_Recursive_Newline_Filter::accept() should either be compatible with FilterIterator::accept(): bool, or the #[\\ReturnTypeWillChange] attribute should be used to temporarily suppress the notice","file":"D:\\xampp\\htdocs\\Zubair-Cloth-House\\wp-content\\plugins\\all-in-one-wp-migration\\lib\\vendor\\servmask\\filter\\class-ai1wm-recursive-newline-filter.php","line":28}

Aug 04 2025 13:41:10
{"type":8192,"message":"Return type of Ai1wm_Recursive_Newline_Filter::accept() should either be compatible with FilterIterator::accept(): bool, or the #[\\ReturnTypeWillChange] attribute should be used to temporarily suppress the notice","file":"D:\\xampp\\htdocs\\Zubair-Cloth-House\\wp-content\\plugins\\all-in-one-wp-migration\\lib\\vendor\\servmask\\filter\\class-ai1wm-recursive-newline-filter.php","line":28}

Aug 04 2025 13:41:11
{"type":8192,"message":"Return type of Ai1wm_Recursive_Newline_Filter::accept() should either be compatible with FilterIterator::accept(): bool, or the #[\\ReturnTypeWillChange] attribute should be used to temporarily suppress the notice","file":"D:\\xampp\\htdocs\\Zubair-Cloth-House\\wp-content\\plugins\\all-in-one-wp-migration\\lib\\vendor\\servmask\\filter\\class-ai1wm-recursive-newline-filter.php","line":28}

Aug 04 2025 13:41:12
{"Number":8192,"Message":"rtrim(): Passing null to parameter #1 ($string) of type string is deprecated","File":"D:\\xampp\\htdocs\\Zubair-Cloth-House\\wp-includes\\formatting.php","Line":2819}

Aug 04 2025 13:41:12
{"Number":8192,"Message":"rtrim(): Passing null to parameter #1 ($string) of type string is deprecated","File":"D:\\xampp\\htdocs\\Zubair-Cloth-House\\wp-includes\\formatting.php","Line":2819}

Aug 04 2025 13:41:12
{"Number":8192,"Message":"rtrim(): Passing null to parameter #1 ($string) of type string is deprecated","File":"D:\\xampp\\htdocs\\Zubair-Cloth-House\\wp-includes\\formatting.php","Line":2819}

Aug 04 2025 13:41:12
{"Number":8192,"Message":"rtrim(): Passing null to parameter #1 ($string) of type string is deprecated","File":"D:\\xampp\\htdocs\\Zubair-Cloth-House\\wp-includes\\formatting.php","Line":2819}

Aug 04 2025 13:41:12
{"Number":8192,"Message":"rtrim(): Passing null to parameter #1 ($string) of type string is deprecated","File":"D:\\xampp\\htdocs\\Zubair-Cloth-House\\wp-includes\\formatting.php","Line":2819}

Aug 04 2025 13:41:12
{"Number":8192,"Message":"rtrim(): Passing null to parameter #1 ($string) of type string is deprecated","File":"D:\\xampp\\htdocs\\Zubair-Cloth-House\\wp-includes\\formatting.php","Line":2819}

Aug 04 2025 13:41:12
{"Number":8192,"Message":"rtrim(): Passing null to parameter #1 ($string) of type string is deprecated","File":"D:\\xampp\\htdocs\\Zubair-Cloth-House\\wp-includes\\formatting.php","Line":2819}

Aug 04 2025 13:41:12
{"Number":8192,"Message":"rtrim(): Passing null to parameter #1 ($string) of type string is deprecated","File":"D:\\xampp\\htdocs\\Zubair-Cloth-House\\wp-includes\\formatting.php","Line":2819}

Aug 04 2025 13:41:12
{"Number":8192,"Message":"rtrim(): Passing null to parameter #1 ($string) of type string is deprecated","File":"D:\\xampp\\htdocs\\Zubair-Cloth-House\\wp-includes\\formatting.php","Line":2819}

Aug 04 2025 13:41:12
{"Number":8192,"Message":"rtrim(): Passing null to parameter #1 ($string) of type string is deprecated","File":"D:\\xampp\\htdocs\\Zubair-Cloth-House\\wp-includes\\formatting.php","Line":2819}

Aug 04 2025 13:41:12
{"Number":8192,"Message":"rtrim(): Passing null to parameter #1 ($string) of type string is deprecated","File":"D:\\xampp\\htdocs\\Zubair-Cloth-House\\wp-includes\\formatting.php","Line":2819}

Aug 04 2025 13:41:12
{"Number":8192,"Message":"rtrim(): Passing null to parameter #1 ($string) of type string is deprecated","File":"D:\\xampp\\htdocs\\Zubair-Cloth-House\\wp-includes\\formatting.php","Line":2819}

Aug 04 2025 13:41:12
{"Number":8192,"Message":"rtrim(): Passing null to parameter #1 ($string) of type string is deprecated","File":"D:\\xampp\\htdocs\\Zubair-Cloth-House\\wp-includes\\formatting.php","Line":2819}

Aug 04 2025 13:41:12
{"Number":8192,"Message":"rtrim(): Passing null to parameter #1 ($string) of type string is deprecated","File":"D:\\xampp\\htdocs\\Zubair-Cloth-House\\wp-includes\\formatting.php","Line":2819}

Aug 04 2025 13:41:12
{"Number":8192,"Message":"rtrim(): Passing null to parameter #1 ($string) of type string is deprecated","File":"D:\\xampp\\htdocs\\Zubair-Cloth-House\\wp-includes\\formatting.php","Line":2819}

Aug 04 2025 13:41:12
{"Number":8192,"Message":"rtrim(): Passing null to parameter #1 ($string) of type string is deprecated","File":"D:\\xampp\\htdocs\\Zubair-Cloth-House\\wp-includes\\formatting.php","Line":2819}

Aug 04 2025 13:41:12
{"Number":8192,"Message":"rtrim(): Passing null to parameter #1 ($string) of type string is deprecated","File":"D:\\xampp\\htdocs\\Zubair-Cloth-House\\wp-includes\\formatting.php","Line":2819}

Aug 04 2025 13:41:12
{"Number":8192,"Message":"rtrim(): Passing null to parameter #1 ($string) of type string is deprecated","File":"D:\\xampp\\htdocs\\Zubair-Cloth-House\\wp-includes\\formatting.php","Line":2819}

Aug 04 2025 13:41:12
{"Number":8192,"Message":"rtrim(): Passing null to parameter #1 ($string) of type string is deprecated","File":"D:\\xampp\\htdocs\\Zubair-Cloth-House\\wp-includes\\formatting.php","Line":2819}

Aug 04 2025 13:41:12
{"Number":8192,"Message":"rtrim(): Passing null to parameter #1 ($string) of type string is deprecated","File":"D:\\xampp\\htdocs\\Zubair-Cloth-House\\wp-includes\\formatting.php","Line":2819}

Aug 04 2025 13:41:12
{"Number":8192,"Message":"rtrim(): Passing null to parameter #1 ($string) of type string is deprecated","File":"D:\\xampp\\htdocs\\Zubair-Cloth-House\\wp-includes\\formatting.php","Line":2819}

Aug 04 2025 13:41:12
{"Number":8192,"Message":"rtrim(): Passing null to parameter #1 ($string) of type string is deprecated","File":"D:\\xampp\\htdocs\\Zubair-Cloth-House\\wp-includes\\formatting.php","Line":2819}

Aug 04 2025 13:41:12
{"Number":8192,"Message":"rtrim(): Passing null to parameter #1 ($string) of type string is deprecated","File":"D:\\xampp\\htdocs\\Zubair-Cloth-House\\wp-includes\\formatting.php","Line":2819}

Aug 04 2025 13:41:12
{"Number":8192,"Message":"rtrim(): Passing null to parameter #1 ($string) of type string is deprecated","File":"D:\\xampp\\htdocs\\Zubair-Cloth-House\\wp-includes\\formatting.php","Line":2819}

Aug 04 2025 13:41:12
{"Number":8192,"Message":"rtrim(): Passing null to parameter #1 ($string) of type string is deprecated","File":"D:\\xampp\\htdocs\\Zubair-Cloth-House\\wp-includes\\formatting.php","Line":2819}

Aug 04 2025 13:41:12
{"Number":8192,"Message":"rtrim(): Passing null to parameter #1 ($string) of type string is deprecated","File":"D:\\xampp\\htdocs\\Zubair-Cloth-House\\wp-includes\\formatting.php","Line":2819}

Aug 04 2025 13:41:12
{"Number":8192,"Message":"rtrim(): Passing null to parameter #1 ($string) of type string is deprecated","File":"D:\\xampp\\htdocs\\Zubair-Cloth-House\\wp-includes\\formatting.php","Line":2819}

Aug 04 2025 13:41:12
{"Number":8192,"Message":"rtrim(): Passing null to parameter #1 ($string) of type string is deprecated","File":"D:\\xampp\\htdocs\\Zubair-Cloth-House\\wp-includes\\formatting.php","Line":2819}

Aug 04 2025 13:41:12
{"Number":8192,"Message":"rtrim(): Passing null to parameter #1 ($string) of type string is deprecated","File":"D:\\xampp\\htdocs\\Zubair-Cloth-House\\wp-includes\\formatting.php","Line":2819}

Aug 04 2025 13:41:12
{"Number":8192,"Message":"rtrim(): Passing null to parameter #1 ($string) of type string is deprecated","File":"D:\\xampp\\htdocs\\Zubair-Cloth-House\\wp-includes\\formatting.php","Line":2819}

Aug 04 2025 13:41:12
{"Number":8192,"Message":"Creation of dynamic property Ai1wm_Database_Mysqli::$old_replace_raw_values is deprecated","File":"D:\\xampp\\htdocs\\Zubair-Cloth-House\\wp-content\\plugins\\all-in-one-wp-migration\\lib\\vendor\\servmask\\database\\class-ai1wm-database.php","Line":300}

Aug 04 2025 13:41:12
{"Number":8192,"Message":"Creation of dynamic property Ai1wm_Database_Mysqli::$new_replace_raw_values is deprecated","File":"D:\\xampp\\htdocs\\Zubair-Cloth-House\\wp-content\\plugins\\all-in-one-wp-migration\\lib\\vendor\\servmask\\database\\class-ai1wm-database.php","Line":321}

Aug 04 2025 13:41:22
{"type":8192,"message":"Return type of Ai1wm_Recursive_Newline_Filter::accept() should either be compatible with FilterIterator::accept(): bool, or the #[\\ReturnTypeWillChange] attribute should be used to temporarily suppress the notice","file":"D:\\xampp\\htdocs\\Zubair-Cloth-House\\wp-content\\plugins\\all-in-one-wp-migration\\lib\\vendor\\servmask\\filter\\class-ai1wm-recursive-newline-filter.php","line":28}

Aug 04 2025 13:41:24
{"Number":8192,"Message":"rtrim(): Passing null to parameter #1 ($string) of type string is deprecated","File":"D:\\xampp\\htdocs\\Zubair-Cloth-House\\wp-includes\\formatting.php","Line":2819}

Aug 04 2025 13:41:24
{"Number":8192,"Message":"rtrim(): Passing null to parameter #1 ($string) of type string is deprecated","File":"D:\\xampp\\htdocs\\Zubair-Cloth-House\\wp-includes\\formatting.php","Line":2819}

Aug 04 2025 13:41:24
{"Number":8192,"Message":"rtrim(): Passing null to parameter #1 ($string) of type string is deprecated","File":"D:\\xampp\\htdocs\\Zubair-Cloth-House\\wp-includes\\formatting.php","Line":2819}

Aug 04 2025 13:41:24
{"Number":8192,"Message":"rtrim(): Passing null to parameter #1 ($string) of type string is deprecated","File":"D:\\xampp\\htdocs\\Zubair-Cloth-House\\wp-includes\\formatting.php","Line":2819}

Aug 04 2025 13:41:24
{"Number":8192,"Message":"rtrim(): Passing null to parameter #1 ($string) of type string is deprecated","File":"D:\\xampp\\htdocs\\Zubair-Cloth-House\\wp-includes\\formatting.php","Line":2819}

Aug 04 2025 13:41:24
{"Number":8192,"Message":"rtrim(): Passing null to parameter #1 ($string) of type string is deprecated","File":"D:\\xampp\\htdocs\\Zubair-Cloth-House\\wp-includes\\formatting.php","Line":2819}

Aug 04 2025 13:41:24
{"Number":8192,"Message":"rtrim(): Passing null to parameter #1 ($string) of type string is deprecated","File":"D:\\xampp\\htdocs\\Zubair-Cloth-House\\wp-includes\\formatting.php","Line":2819}

Aug 04 2025 13:41:24
{"Number":8192,"Message":"rtrim(): Passing null to parameter #1 ($string) of type string is deprecated","File":"D:\\xampp\\htdocs\\Zubair-Cloth-House\\wp-includes\\formatting.php","Line":2819}

Aug 04 2025 13:41:24
{"Number":8192,"Message":"rtrim(): Passing null to parameter #1 ($string) of type string is deprecated","File":"D:\\xampp\\htdocs\\Zubair-Cloth-House\\wp-includes\\formatting.php","Line":2819}

Aug 04 2025 13:41:24
{"Number":8192,"Message":"rtrim(): Passing null to parameter #1 ($string) of type string is deprecated","File":"D:\\xampp\\htdocs\\Zubair-Cloth-House\\wp-includes\\formatting.php","Line":2819}

Aug 04 2025 13:41:24
{"Number":8192,"Message":"rtrim(): Passing null to parameter #1 ($string) of type string is deprecated","File":"D:\\xampp\\htdocs\\Zubair-Cloth-House\\wp-includes\\formatting.php","Line":2819}

Aug 04 2025 13:41:24
{"Number":8192,"Message":"rtrim(): Passing null to parameter #1 ($string) of type string is deprecated","File":"D:\\xampp\\htdocs\\Zubair-Cloth-House\\wp-includes\\formatting.php","Line":2819}

Aug 04 2025 13:41:24
{"Number":8192,"Message":"rtrim(): Passing null to parameter #1 ($string) of type string is deprecated","File":"D:\\xampp\\htdocs\\Zubair-Cloth-House\\wp-includes\\formatting.php","Line":2819}

Aug 04 2025 13:41:24
{"Number":8192,"Message":"rtrim(): Passing null to parameter #1 ($string) of type string is deprecated","File":"D:\\xampp\\htdocs\\Zubair-Cloth-House\\wp-includes\\formatting.php","Line":2819}

Aug 04 2025 13:41:24
{"Number":8192,"Message":"rtrim(): Passing null to parameter #1 ($string) of type string is deprecated","File":"D:\\xampp\\htdocs\\Zubair-Cloth-House\\wp-includes\\formatting.php","Line":2819}

Aug 04 2025 13:41:24
{"Number":8192,"Message":"rtrim(): Passing null to parameter #1 ($string) of type string is deprecated","File":"D:\\xampp\\htdocs\\Zubair-Cloth-House\\wp-includes\\formatting.php","Line":2819}

Aug 04 2025 13:41:24
{"Number":8192,"Message":"rtrim(): Passing null to parameter #1 ($string) of type string is deprecated","File":"D:\\xampp\\htdocs\\Zubair-Cloth-House\\wp-includes\\formatting.php","Line":2819}

Aug 04 2025 13:41:24
{"Number":8192,"Message":"rtrim(): Passing null to parameter #1 ($string) of type string is deprecated","File":"D:\\xampp\\htdocs\\Zubair-Cloth-House\\wp-includes\\formatting.php","Line":2819}

Aug 04 2025 13:41:24
{"Number":8192,"Message":"rtrim(): Passing null to parameter #1 ($string) of type string is deprecated","File":"D:\\xampp\\htdocs\\Zubair-Cloth-House\\wp-includes\\formatting.php","Line":2819}

Aug 04 2025 13:41:24
{"Number":8192,"Message":"rtrim(): Passing null to parameter #1 ($string) of type string is deprecated","File":"D:\\xampp\\htdocs\\Zubair-Cloth-House\\wp-includes\\formatting.php","Line":2819}

Aug 04 2025 13:41:24
{"Number":8192,"Message":"rtrim(): Passing null to parameter #1 ($string) of type string is deprecated","File":"D:\\xampp\\htdocs\\Zubair-Cloth-House\\wp-includes\\formatting.php","Line":2819}

Aug 04 2025 13:41:24
{"Number":8192,"Message":"rtrim(): Passing null to parameter #1 ($string) of type string is deprecated","File":"D:\\xampp\\htdocs\\Zubair-Cloth-House\\wp-includes\\formatting.php","Line":2819}

Aug 04 2025 13:41:24
{"Number":8192,"Message":"rtrim(): Passing null to parameter #1 ($string) of type string is deprecated","File":"D:\\xampp\\htdocs\\Zubair-Cloth-House\\wp-includes\\formatting.php","Line":2819}

Aug 04 2025 13:41:24
{"Number":8192,"Message":"rtrim(): Passing null to parameter #1 ($string) of type string is deprecated","File":"D:\\xampp\\htdocs\\Zubair-Cloth-House\\wp-includes\\formatting.php","Line":2819}

Aug 04 2025 13:41:24
{"Number":8192,"Message":"rtrim(): Passing null to parameter #1 ($string) of type string is deprecated","File":"D:\\xampp\\htdocs\\Zubair-Cloth-House\\wp-includes\\formatting.php","Line":2819}

Aug 04 2025 13:41:24
{"Number":8192,"Message":"rtrim(): Passing null to parameter #1 ($string) of type string is deprecated","File":"D:\\xampp\\htdocs\\Zubair-Cloth-House\\wp-includes\\formatting.php","Line":2819}

Aug 04 2025 13:41:24
{"Number":8192,"Message":"rtrim(): Passing null to parameter #1 ($string) of type string is deprecated","File":"D:\\xampp\\htdocs\\Zubair-Cloth-House\\wp-includes\\formatting.php","Line":2819}

Aug 04 2025 13:41:24
{"Number":8192,"Message":"rtrim(): Passing null to parameter #1 ($string) of type string is deprecated","File":"D:\\xampp\\htdocs\\Zubair-Cloth-House\\wp-includes\\formatting.php","Line":2819}

Aug 04 2025 13:41:24
{"Number":8192,"Message":"rtrim(): Passing null to parameter #1 ($string) of type string is deprecated","File":"D:\\xampp\\htdocs\\Zubair-Cloth-House\\wp-includes\\formatting.php","Line":2819}

Aug 04 2025 13:41:24
{"Number":8192,"Message":"rtrim(): Passing null to parameter #1 ($string) of type string is deprecated","File":"D:\\xampp\\htdocs\\Zubair-Cloth-House\\wp-includes\\formatting.php","Line":2819}

Aug 04 2025 13:41:24
{"Number":8192,"Message":"Creation of dynamic property Ai1wm_Database_Mysqli::$old_replace_raw_values is deprecated","File":"D:\\xampp\\htdocs\\Zubair-Cloth-House\\wp-content\\plugins\\all-in-one-wp-migration\\lib\\vendor\\servmask\\database\\class-ai1wm-database.php","Line":300}

Aug 04 2025 13:41:24
{"Number":8192,"Message":"Creation of dynamic property Ai1wm_Database_Mysqli::$new_replace_raw_values is deprecated","File":"D:\\xampp\\htdocs\\Zubair-Cloth-House\\wp-content\\plugins\\all-in-one-wp-migration\\lib\\vendor\\servmask\\database\\class-ai1wm-database.php","Line":321}

Aug 04 2025 13:41:35
{"type":8192,"message":"Return type of Ai1wm_Recursive_Newline_Filter::accept() should either be compatible with FilterIterator::accept(): bool, or the #[\\ReturnTypeWillChange] attribute should be used to temporarily suppress the notice","file":"D:\\xampp\\htdocs\\Zubair-Cloth-House\\wp-content\\plugins\\all-in-one-wp-migration\\lib\\vendor\\servmask\\filter\\class-ai1wm-recursive-newline-filter.php","line":28}

Aug 04 2025 13:41:36
{"Number":8192,"Message":"rtrim(): Passing null to parameter #1 ($string) of type string is deprecated","File":"D:\\xampp\\htdocs\\Zubair-Cloth-House\\wp-includes\\formatting.php","Line":2819}

Aug 04 2025 13:41:36
{"Number":8192,"Message":"rtrim(): Passing null to parameter #1 ($string) of type string is deprecated","File":"D:\\xampp\\htdocs\\Zubair-Cloth-House\\wp-includes\\formatting.php","Line":2819}

Aug 04 2025 13:41:36
{"Number":8192,"Message":"rtrim(): Passing null to parameter #1 ($string) of type string is deprecated","File":"D:\\xampp\\htdocs\\Zubair-Cloth-House\\wp-includes\\formatting.php","Line":2819}

Aug 04 2025 13:41:36
{"Number":8192,"Message":"rtrim(): Passing null to parameter #1 ($string) of type string is deprecated","File":"D:\\xampp\\htdocs\\Zubair-Cloth-House\\wp-includes\\formatting.php","Line":2819}

Aug 04 2025 13:41:36
{"Number":8192,"Message":"rtrim(): Passing null to parameter #1 ($string) of type string is deprecated","File":"D:\\xampp\\htdocs\\Zubair-Cloth-House\\wp-includes\\formatting.php","Line":2819}

Aug 04 2025 13:41:36
{"Number":8192,"Message":"rtrim(): Passing null to parameter #1 ($string) of type string is deprecated","File":"D:\\xampp\\htdocs\\Zubair-Cloth-House\\wp-includes\\formatting.php","Line":2819}

Aug 04 2025 13:41:36
{"Number":8192,"Message":"rtrim(): Passing null to parameter #1 ($string) of type string is deprecated","File":"D:\\xampp\\htdocs\\Zubair-Cloth-House\\wp-includes\\formatting.php","Line":2819}

Aug 04 2025 13:41:36
{"Number":8192,"Message":"rtrim(): Passing null to parameter #1 ($string) of type string is deprecated","File":"D:\\xampp\\htdocs\\Zubair-Cloth-House\\wp-includes\\formatting.php","Line":2819}

Aug 04 2025 13:41:36
{"Number":8192,"Message":"rtrim(): Passing null to parameter #1 ($string) of type string is deprecated","File":"D:\\xampp\\htdocs\\Zubair-Cloth-House\\wp-includes\\formatting.php","Line":2819}

Aug 04 2025 13:41:36
{"Number":8192,"Message":"rtrim(): Passing null to parameter #1 ($string) of type string is deprecated","File":"D:\\xampp\\htdocs\\Zubair-Cloth-House\\wp-includes\\formatting.php","Line":2819}

Aug 04 2025 13:41:36
{"Number":8192,"Message":"rtrim(): Passing null to parameter #1 ($string) of type string is deprecated","File":"D:\\xampp\\htdocs\\Zubair-Cloth-House\\wp-includes\\formatting.php","Line":2819}

Aug 04 2025 13:41:36
{"Number":8192,"Message":"rtrim(): Passing null to parameter #1 ($string) of type string is deprecated","File":"D:\\xampp\\htdocs\\Zubair-Cloth-House\\wp-includes\\formatting.php","Line":2819}

Aug 04 2025 13:41:36
{"Number":8192,"Message":"rtrim(): Passing null to parameter #1 ($string) of type string is deprecated","File":"D:\\xampp\\htdocs\\Zubair-Cloth-House\\wp-includes\\formatting.php","Line":2819}

Aug 04 2025 13:41:36
{"Number":8192,"Message":"rtrim(): Passing null to parameter #1 ($string) of type string is deprecated","File":"D:\\xampp\\htdocs\\Zubair-Cloth-House\\wp-includes\\formatting.php","Line":2819}

Aug 04 2025 13:41:36
{"Number":8192,"Message":"rtrim(): Passing null to parameter #1 ($string) of type string is deprecated","File":"D:\\xampp\\htdocs\\Zubair-Cloth-House\\wp-includes\\formatting.php","Line":2819}

Aug 04 2025 13:41:36
{"Number":8192,"Message":"rtrim(): Passing null to parameter #1 ($string) of type string is deprecated","File":"D:\\xampp\\htdocs\\Zubair-Cloth-House\\wp-includes\\formatting.php","Line":2819}

Aug 04 2025 13:41:36
{"Number":8192,"Message":"rtrim(): Passing null to parameter #1 ($string) of type string is deprecated","File":"D:\\xampp\\htdocs\\Zubair-Cloth-House\\wp-includes\\formatting.php","Line":2819}

Aug 04 2025 13:41:36
{"Number":8192,"Message":"rtrim(): Passing null to parameter #1 ($string) of type string is deprecated","File":"D:\\xampp\\htdocs\\Zubair-Cloth-House\\wp-includes\\formatting.php","Line":2819}

Aug 04 2025 13:41:36
{"Number":8192,"Message":"rtrim(): Passing null to parameter #1 ($string) of type string is deprecated","File":"D:\\xampp\\htdocs\\Zubair-Cloth-House\\wp-includes\\formatting.php","Line":2819}

Aug 04 2025 13:41:36
{"Number":8192,"Message":"rtrim(): Passing null to parameter #1 ($string) of type string is deprecated","File":"D:\\xampp\\htdocs\\Zubair-Cloth-House\\wp-includes\\formatting.php","Line":2819}

Aug 04 2025 13:41:36
{"Number":8192,"Message":"rtrim(): Passing null to parameter #1 ($string) of type string is deprecated","File":"D:\\xampp\\htdocs\\Zubair-Cloth-House\\wp-includes\\formatting.php","Line":2819}

Aug 04 2025 13:41:36
{"Number":8192,"Message":"rtrim(): Passing null to parameter #1 ($string) of type string is deprecated","File":"D:\\xampp\\htdocs\\Zubair-Cloth-House\\wp-includes\\formatting.php","Line":2819}

Aug 04 2025 13:41:36
{"Number":8192,"Message":"rtrim(): Passing null to parameter #1 ($string) of type string is deprecated","File":"D:\\xampp\\htdocs\\Zubair-Cloth-House\\wp-includes\\formatting.php","Line":2819}

Aug 04 2025 13:41:36
{"Number":8192,"Message":"rtrim(): Passing null to parameter #1 ($string) of type string is deprecated","File":"D:\\xampp\\htdocs\\Zubair-Cloth-House\\wp-includes\\formatting.php","Line":2819}

Aug 04 2025 13:41:36
{"Number":8192,"Message":"rtrim(): Passing null to parameter #1 ($string) of type string is deprecated","File":"D:\\xampp\\htdocs\\Zubair-Cloth-House\\wp-includes\\formatting.php","Line":2819}

Aug 04 2025 13:41:36
{"Number":8192,"Message":"rtrim(): Passing null to parameter #1 ($string) of type string is deprecated","File":"D:\\xampp\\htdocs\\Zubair-Cloth-House\\wp-includes\\formatting.php","Line":2819}

Aug 04 2025 13:41:36
{"Number":8192,"Message":"rtrim(): Passing null to parameter #1 ($string) of type string is deprecated","File":"D:\\xampp\\htdocs\\Zubair-Cloth-House\\wp-includes\\formatting.php","Line":2819}

Aug 04 2025 13:41:36
{"Number":8192,"Message":"rtrim(): Passing null to parameter #1 ($string) of type string is deprecated","File":"D:\\xampp\\htdocs\\Zubair-Cloth-House\\wp-includes\\formatting.php","Line":2819}

Aug 04 2025 13:41:36
{"Number":8192,"Message":"rtrim(): Passing null to parameter #1 ($string) of type string is deprecated","File":"D:\\xampp\\htdocs\\Zubair-Cloth-House\\wp-includes\\formatting.php","Line":2819}

Aug 04 2025 13:41:36
{"Number":8192,"Message":"rtrim(): Passing null to parameter #1 ($string) of type string is deprecated","File":"D:\\xampp\\htdocs\\Zubair-Cloth-House\\wp-includes\\formatting.php","Line":2819}

Aug 04 2025 13:41:36
{"Number":8192,"Message":"Creation of dynamic property Ai1wm_Database_Mysqli::$old_replace_raw_values is deprecated","File":"D:\\xampp\\htdocs\\Zubair-Cloth-House\\wp-content\\plugins\\all-in-one-wp-migration\\lib\\vendor\\servmask\\database\\class-ai1wm-database.php","Line":300}

Aug 04 2025 13:41:36
{"Number":8192,"Message":"Creation of dynamic property Ai1wm_Database_Mysqli::$new_replace_raw_values is deprecated","File":"D:\\xampp\\htdocs\\Zubair-Cloth-House\\wp-content\\plugins\\all-in-one-wp-migration\\lib\\vendor\\servmask\\database\\class-ai1wm-database.php","Line":321}

Aug 04 2025 13:41:47
{"type":8192,"message":"Return type of Ai1wm_Recursive_Newline_Filter::accept() should either be compatible with FilterIterator::accept(): bool, or the #[\\ReturnTypeWillChange] attribute should be used to temporarily suppress the notice","file":"D:\\xampp\\htdocs\\Zubair-Cloth-House\\wp-content\\plugins\\all-in-one-wp-migration\\lib\\vendor\\servmask\\filter\\class-ai1wm-recursive-newline-filter.php","line":28}

Aug 04 2025 13:41:47
{"Number":8192,"Message":"rtrim(): Passing null to parameter #1 ($string) of type string is deprecated","File":"D:\\xampp\\htdocs\\Zubair-Cloth-House\\wp-includes\\formatting.php","Line":2819}

Aug 04 2025 13:41:47
{"Number":8192,"Message":"rtrim(): Passing null to parameter #1 ($string) of type string is deprecated","File":"D:\\xampp\\htdocs\\Zubair-Cloth-House\\wp-includes\\formatting.php","Line":2819}

Aug 04 2025 13:41:47
{"Number":8192,"Message":"rtrim(): Passing null to parameter #1 ($string) of type string is deprecated","File":"D:\\xampp\\htdocs\\Zubair-Cloth-House\\wp-includes\\formatting.php","Line":2819}

Aug 04 2025 13:41:47
{"Number":8192,"Message":"rtrim(): Passing null to parameter #1 ($string) of type string is deprecated","File":"D:\\xampp\\htdocs\\Zubair-Cloth-House\\wp-includes\\formatting.php","Line":2819}

Aug 04 2025 13:41:47
{"Number":8192,"Message":"rtrim(): Passing null to parameter #1 ($string) of type string is deprecated","File":"D:\\xampp\\htdocs\\Zubair-Cloth-House\\wp-includes\\formatting.php","Line":2819}

Aug 04 2025 13:41:47
{"Number":8192,"Message":"rtrim(): Passing null to parameter #1 ($string) of type string is deprecated","File":"D:\\xampp\\htdocs\\Zubair-Cloth-House\\wp-includes\\formatting.php","Line":2819}

Aug 04 2025 13:41:47
{"Number":8192,"Message":"rtrim(): Passing null to parameter #1 ($string) of type string is deprecated","File":"D:\\xampp\\htdocs\\Zubair-Cloth-House\\wp-includes\\formatting.php","Line":2819}

Aug 04 2025 13:41:47
{"Number":8192,"Message":"rtrim(): Passing null to parameter #1 ($string) of type string is deprecated","File":"D:\\xampp\\htdocs\\Zubair-Cloth-House\\wp-includes\\formatting.php","Line":2819}

Aug 04 2025 13:41:47
{"Number":8192,"Message":"rtrim(): Passing null to parameter #1 ($string) of type string is deprecated","File":"D:\\xampp\\htdocs\\Zubair-Cloth-House\\wp-includes\\formatting.php","Line":2819}

Aug 04 2025 13:41:47
{"Number":8192,"Message":"rtrim(): Passing null to parameter #1 ($string) of type string is deprecated","File":"D:\\xampp\\htdocs\\Zubair-Cloth-House\\wp-includes\\formatting.php","Line":2819}

Aug 04 2025 13:41:47
{"Number":8192,"Message":"rtrim(): Passing null to parameter #1 ($string) of type string is deprecated","File":"D:\\xampp\\htdocs\\Zubair-Cloth-House\\wp-includes\\formatting.php","Line":2819}

Aug 04 2025 13:41:47
{"Number":8192,"Message":"rtrim(): Passing null to parameter #1 ($string) of type string is deprecated","File":"D:\\xampp\\htdocs\\Zubair-Cloth-House\\wp-includes\\formatting.php","Line":2819}

Aug 04 2025 13:41:47
{"Number":8192,"Message":"rtrim(): Passing null to parameter #1 ($string) of type string is deprecated","File":"D:\\xampp\\htdocs\\Zubair-Cloth-House\\wp-includes\\formatting.php","Line":2819}

Aug 04 2025 13:41:47
{"Number":8192,"Message":"rtrim(): Passing null to parameter #1 ($string) of type string is deprecated","File":"D:\\xampp\\htdocs\\Zubair-Cloth-House\\wp-includes\\formatting.php","Line":2819}

Aug 04 2025 13:41:47
{"Number":8192,"Message":"rtrim(): Passing null to parameter #1 ($string) of type string is deprecated","File":"D:\\xampp\\htdocs\\Zubair-Cloth-House\\wp-includes\\formatting.php","Line":2819}

Aug 04 2025 13:41:47
{"Number":8192,"Message":"rtrim(): Passing null to parameter #1 ($string) of type string is deprecated","File":"D:\\xampp\\htdocs\\Zubair-Cloth-House\\wp-includes\\formatting.php","Line":2819}

Aug 04 2025 13:41:47
{"Number":8192,"Message":"rtrim(): Passing null to parameter #1 ($string) of type string is deprecated","File":"D:\\xampp\\htdocs\\Zubair-Cloth-House\\wp-includes\\formatting.php","Line":2819}

Aug 04 2025 13:41:47
{"Number":8192,"Message":"rtrim(): Passing null to parameter #1 ($string) of type string is deprecated","File":"D:\\xampp\\htdocs\\Zubair-Cloth-House\\wp-includes\\formatting.php","Line":2819}

Aug 04 2025 13:41:47
{"Number":8192,"Message":"rtrim(): Passing null to parameter #1 ($string) of type string is deprecated","File":"D:\\xampp\\htdocs\\Zubair-Cloth-House\\wp-includes\\formatting.php","Line":2819}

Aug 04 2025 13:41:47
{"Number":8192,"Message":"rtrim(): Passing null to parameter #1 ($string) of type string is deprecated","File":"D:\\xampp\\htdocs\\Zubair-Cloth-House\\wp-includes\\formatting.php","Line":2819}

Aug 04 2025 13:41:47
{"Number":8192,"Message":"rtrim(): Passing null to parameter #1 ($string) of type string is deprecated","File":"D:\\xampp\\htdocs\\Zubair-Cloth-House\\wp-includes\\formatting.php","Line":2819}

Aug 04 2025 13:41:47
{"Number":8192,"Message":"rtrim(): Passing null to parameter #1 ($string) of type string is deprecated","File":"D:\\xampp\\htdocs\\Zubair-Cloth-House\\wp-includes\\formatting.php","Line":2819}

Aug 04 2025 13:41:47
{"Number":8192,"Message":"rtrim(): Passing null to parameter #1 ($string) of type string is deprecated","File":"D:\\xampp\\htdocs\\Zubair-Cloth-House\\wp-includes\\formatting.php","Line":2819}

Aug 04 2025 13:41:47
{"Number":8192,"Message":"rtrim(): Passing null to parameter #1 ($string) of type string is deprecated","File":"D:\\xampp\\htdocs\\Zubair-Cloth-House\\wp-includes\\formatting.php","Line":2819}

Aug 04 2025 13:41:47
{"Number":8192,"Message":"rtrim(): Passing null to parameter #1 ($string) of type string is deprecated","File":"D:\\xampp\\htdocs\\Zubair-Cloth-House\\wp-includes\\formatting.php","Line":2819}

Aug 04 2025 13:41:47
{"Number":8192,"Message":"rtrim(): Passing null to parameter #1 ($string) of type string is deprecated","File":"D:\\xampp\\htdocs\\Zubair-Cloth-House\\wp-includes\\formatting.php","Line":2819}

Aug 04 2025 13:41:47
{"Number":8192,"Message":"rtrim(): Passing null to parameter #1 ($string) of type string is deprecated","File":"D:\\xampp\\htdocs\\Zubair-Cloth-House\\wp-includes\\formatting.php","Line":2819}

Aug 04 2025 13:41:47
{"Number":8192,"Message":"rtrim(): Passing null to parameter #1 ($string) of type string is deprecated","File":"D:\\xampp\\htdocs\\Zubair-Cloth-House\\wp-includes\\formatting.php","Line":2819}

Aug 04 2025 13:41:47
{"Number":8192,"Message":"rtrim(): Passing null to parameter #1 ($string) of type string is deprecated","File":"D:\\xampp\\htdocs\\Zubair-Cloth-House\\wp-includes\\formatting.php","Line":2819}

Aug 04 2025 13:41:47
{"Number":8192,"Message":"rtrim(): Passing null to parameter #1 ($string) of type string is deprecated","File":"D:\\xampp\\htdocs\\Zubair-Cloth-House\\wp-includes\\formatting.php","Line":2819}

Aug 04 2025 13:41:47
{"Number":8192,"Message":"Creation of dynamic property Ai1wm_Database_Mysqli::$old_replace_raw_values is deprecated","File":"D:\\xampp\\htdocs\\Zubair-Cloth-House\\wp-content\\plugins\\all-in-one-wp-migration\\lib\\vendor\\servmask\\database\\class-ai1wm-database.php","Line":300}

Aug 04 2025 13:41:47
{"Number":8192,"Message":"Creation of dynamic property Ai1wm_Database_Mysqli::$new_replace_raw_values is deprecated","File":"D:\\xampp\\htdocs\\Zubair-Cloth-House\\wp-content\\plugins\\all-in-one-wp-migration\\lib\\vendor\\servmask\\database\\class-ai1wm-database.php","Line":321}

Aug 04 2025 13:41:59
{"type":8192,"message":"Return type of Ai1wm_Recursive_Newline_Filter::accept() should either be compatible with FilterIterator::accept(): bool, or the #[\\ReturnTypeWillChange] attribute should be used to temporarily suppress the notice","file":"D:\\xampp\\htdocs\\Zubair-Cloth-House\\wp-content\\plugins\\all-in-one-wp-migration\\lib\\vendor\\servmask\\filter\\class-ai1wm-recursive-newline-filter.php","line":28}

Aug 04 2025 13:41:59
{"type":8192,"message":"Return type of Ai1wm_Recursive_Newline_Filter::accept() should either be compatible with FilterIterator::accept(): bool, or the #[\\ReturnTypeWillChange] attribute should be used to temporarily suppress the notice","file":"D:\\xampp\\htdocs\\Zubair-Cloth-House\\wp-content\\plugins\\all-in-one-wp-migration\\lib\\vendor\\servmask\\filter\\class-ai1wm-recursive-newline-filter.php","line":28}

Aug 04 2025 13:42:06
{"type":8192,"message":"Return type of Ai1wm_Recursive_Newline_Filter::accept() should either be compatible with FilterIterator::accept(): bool, or the #[\\ReturnTypeWillChange] attribute should be used to temporarily suppress the notice","file":"D:\\xampp\\htdocs\\Zubair-Cloth-House\\wp-content\\plugins\\all-in-one-wp-migration\\lib\\vendor\\servmask\\filter\\class-ai1wm-recursive-newline-filter.php","line":28}

